<?xml version="1.0" encoding="utf-8"?>
<coverage line-rate="0.9068999999999999" branch-rate="0.8" version="1.9" timestamp="1751926730" lines-covered="39" lines-valid="43" branches-covered="8" branches-valid="10">
  <sources>
    <source>C:\Users\Jona\git\rover-mission-planner\backend\RoverMissionPlanner\</source>
  </sources>
  <packages>
    <package name="RoverMissionPlanner.Application" line-rate="0.9117000000000001" branch-rate="0.8" complexity="15">
      <classes>
        <class name="RoverMissionPlanner.Application.Services.RoverTaskService" filename="RoverMissionPlanner.Application\Services\RoverTaskService.cs" line-rate="1" branch-rate="1" complexity="1">
          <methods>
            <method name=".ctor" signature="()" line-rate="1" branch-rate="1" complexity="1">
              <lines>
                <line number="14" hits="6" branch="False" />
              </lines>
            </method>
          </methods>
          <lines>
            <line number="14" hits="6" branch="False" />
          </lines>
        </class>
        <class name="RoverMissionPlanner.Application.Services.RoverTaskService/&lt;&gt;c" filename="RoverMissionPlanner.Application\Services\RoverTaskService.cs" line-rate="0.5" branch-rate="1" complexity="2">
          <methods>
            <method name="&lt;GetTasksByDateAsync&gt;b__2_1" signature="(RoverMissionPlanner.Domain.Entities.RoverTask)" line-rate="0" branch-rate="1" complexity="1">
              <lines>
                <line number="47" hits="0" branch="False" />
              </lines>
            </method>
            <method name="&lt;GetUtilizationByDateAsync&gt;b__3_1" signature="(RoverMissionPlanner.Domain.Entities.RoverTask)" line-rate="1" branch-rate="1" complexity="1">
              <lines>
                <line number="63" hits="3" branch="False" />
              </lines>
            </method>
          </methods>
          <lines>
            <line number="47" hits="0" branch="False" />
            <line number="63" hits="3" branch="False" />
          </lines>
        </class>
        <class name="RoverMissionPlanner.Application.Services.RoverTaskService/&lt;&gt;c__DisplayClass1_0" filename="RoverMissionPlanner.Application\Services\RoverTaskService.cs" line-rate="1" branch-rate="1" complexity="2">
          <methods>
            <method name="&lt;CreateTaskAsync&gt;b__0" signature="(RoverMissionPlanner.Domain.Entities.RoverTask)" line-rate="1" branch-rate="1" complexity="2">
              <lines>
                <line number="23" hits="10" branch="True" condition-coverage="100% (2/2)">
                  <conditions>
                    <condition number="22" type="jump" coverage="100%" />
                  </conditions>
                </line>
              </lines>
            </method>
          </methods>
          <lines>
            <line number="23" hits="10" branch="True" condition-coverage="100% (2/2)">
              <conditions>
                <condition number="22" type="jump" coverage="100%" />
              </conditions>
            </line>
          </lines>
        </class>
        <class name="RoverMissionPlanner.Application.Services.RoverTaskService/&lt;&gt;c__DisplayClass2_0" filename="RoverMissionPlanner.Application\Services\RoverTaskService.cs" line-rate="1" branch-rate="1" complexity="1">
          <methods>
            <method name="&lt;GetTasksByDateAsync&gt;b__0" signature="(RoverMissionPlanner.Domain.Entities.RoverTask)" line-rate="1" branch-rate="1" complexity="1">
              <lines>
                <line number="46" hits="2" branch="False" />
              </lines>
            </method>
          </methods>
          <lines>
            <line number="46" hits="2" branch="False" />
          </lines>
        </class>
        <class name="RoverMissionPlanner.Application.Services.RoverTaskService/&lt;&gt;c__DisplayClass3_0" filename="RoverMissionPlanner.Application\Services\RoverTaskService.cs" line-rate="1" branch-rate="1" complexity="1">
          <methods>
            <method name="&lt;GetUtilizationByDateAsync&gt;b__0" signature="(RoverMissionPlanner.Domain.Entities.RoverTask)" line-rate="1" branch-rate="1" complexity="1">
              <lines>
                <line number="62" hits="3" branch="False" />
              </lines>
            </method>
          </methods>
          <lines>
            <line number="62" hits="3" branch="False" />
          </lines>
        </class>
        <class name="RoverMissionPlanner.Application.Services.RoverTaskService/&lt;CreateTaskAsync&gt;d__1" filename="RoverMissionPlanner.Application\Services\RoverTaskService.cs" line-rate="1" branch-rate="1" complexity="4">
          <methods>
            <method name="MoveNext" signature="()" line-rate="1" branch-rate="1" complexity="4">
              <lines>
                <line number="18" hits="12" branch="False" />
                <line number="20" hits="12" branch="True" condition-coverage="100% (2/2)">
                  <conditions>
                    <condition number="76" type="jump" coverage="100%" />
                  </conditions>
                </line>
                <line number="21" hits="5" branch="False" />
                <line number="25" hits="5" branch="True" condition-coverage="100% (2/2)">
                  <conditions>
                    <condition number="121" type="jump" coverage="100%" />
                  </conditions>
                </line>
                <line number="26" hits="1" branch="False" />
                <line number="27" hits="1" branch="False" />
                <line number="29" hits="4" branch="False" />
                <line number="30" hits="7" branch="False" />
                <line number="32" hits="7" branch="False" />
                <line number="33" hits="7" branch="False" />
                <line number="34" hits="7" branch="False" />
                <line number="36" hits="11" branch="False" />
                <line number="37" hits="11" branch="False" />
                <line number="38" hits="12" branch="False" />
              </lines>
            </method>
          </methods>
          <lines>
            <line number="18" hits="12" branch="False" />
            <line number="20" hits="12" branch="True" condition-coverage="100% (2/2)">
              <conditions>
                <condition number="76" type="jump" coverage="100%" />
              </conditions>
            </line>
            <line number="21" hits="5" branch="False" />
            <line number="25" hits="5" branch="True" condition-coverage="100% (2/2)">
              <conditions>
                <condition number="121" type="jump" coverage="100%" />
              </conditions>
            </line>
            <line number="26" hits="1" branch="False" />
            <line number="27" hits="1" branch="False" />
            <line number="29" hits="4" branch="False" />
            <line number="30" hits="7" branch="False" />
            <line number="32" hits="7" branch="False" />
            <line number="33" hits="7" branch="False" />
            <line number="34" hits="7" branch="False" />
            <line number="36" hits="11" branch="False" />
            <line number="37" hits="11" branch="False" />
            <line number="38" hits="12" branch="False" />
          </lines>
        </class>
        <class name="RoverMissionPlanner.Application.Services.RoverTaskService/&lt;GetTasksByDateAsync&gt;d__2" filename="RoverMissionPlanner.Application\Services\RoverTaskService.cs" line-rate="0.875" branch-rate="0.5" complexity="2">
          <methods>
            <method name="MoveNext" signature="()" line-rate="0.875" branch-rate="0.5" complexity="2">
              <lines>
                <line number="42" hits="1" branch="False" />
                <line number="43" hits="1" branch="True" condition-coverage="50% (1/2)">
                  <conditions>
                    <condition number="87" type="jump" coverage="50%" />
                  </conditions>
                </line>
                <line number="44" hits="1" branch="False" />
                <line number="45" hits="1" branch="False" />
                <line number="48" hits="1" branch="False" />
                <line number="50" hits="1" branch="False" />
                <line number="54" hits="0" branch="False" />
                <line number="55" hits="1" branch="False" />
              </lines>
            </method>
          </methods>
          <lines>
            <line number="42" hits="1" branch="False" />
            <line number="43" hits="1" branch="True" condition-coverage="50% (1/2)">
              <conditions>
                <condition number="87" type="jump" coverage="50%" />
              </conditions>
            </line>
            <line number="44" hits="1" branch="False" />
            <line number="45" hits="1" branch="False" />
            <line number="48" hits="1" branch="False" />
            <line number="50" hits="1" branch="False" />
            <line number="54" hits="0" branch="False" />
            <line number="55" hits="1" branch="False" />
          </lines>
        </class>
        <class name="RoverMissionPlanner.Application.Services.RoverTaskService/&lt;GetUtilizationByDateAsync&gt;d__3" filename="RoverMissionPlanner.Application\Services\RoverTaskService.cs" line-rate="0.8332999999999999" branch-rate="0.5" complexity="2">
          <methods>
            <method name="MoveNext" signature="()" line-rate="0.8332999999999999" branch-rate="0.5" complexity="2">
              <lines>
                <line number="59" hits="1" branch="False" />
                <line number="60" hits="1" branch="True" condition-coverage="50% (1/2)">
                  <conditions>
                    <condition number="87" type="jump" coverage="50%" />
                  </conditions>
                </line>
                <line number="61" hits="1" branch="False" />
                <line number="66" hits="1" branch="False" />
                <line number="70" hits="0" branch="False" />
                <line number="71" hits="1" branch="False" />
              </lines>
            </method>
          </methods>
          <lines>
            <line number="59" hits="1" branch="False" />
            <line number="60" hits="1" branch="True" condition-coverage="50% (1/2)">
              <conditions>
                <condition number="87" type="jump" coverage="50%" />
              </conditions>
            </line>
            <line number="61" hits="1" branch="False" />
            <line number="66" hits="1" branch="False" />
            <line number="70" hits="0" branch="False" />
            <line number="71" hits="1" branch="False" />
          </lines>
        </class>
      </classes>
    </package>
    <package name="RoverMissionPlanner.Domain" line-rate="0.8887999999999999" branch-rate="1" complexity="9">
      <classes>
        <class name="RoverMissionPlanner.Domain.Entities.RoverTask" filename="RoverMissionPlanner.Domain\Entities\RoverTask.cs" line-rate="0.8887999999999999" branch-rate="1" complexity="9">
          <methods>
            <method name="get_Id" signature="()" line-rate="0" branch-rate="1" complexity="1">
              <lines>
                <line number="12" hits="0" branch="False" />
              </lines>
            </method>
            <method name="get_RoverName" signature="()" line-rate="1" branch-rate="1" complexity="1">
              <lines>
                <line number="13" hits="24" branch="False" />
              </lines>
            </method>
            <method name="get_TaskType" signature="()" line-rate="1" branch-rate="1" complexity="1">
              <lines>
                <line number="14" hits="12" branch="False" />
              </lines>
            </method>
            <method name="get_Latitude" signature="()" line-rate="1" branch-rate="1" complexity="1">
              <lines>
                <line number="15" hits="12" branch="False" />
              </lines>
            </method>
            <method name="get_Longitude" signature="()" line-rate="1" branch-rate="1" complexity="1">
              <lines>
                <line number="16" hits="12" branch="False" />
              </lines>
            </method>
            <method name="get_StartsAt" signature="()" line-rate="1" branch-rate="1" complexity="1">
              <lines>
                <line number="17" hits="30" branch="False" />
              </lines>
            </method>
            <method name="get_DurationMinutes" signature="()" line-rate="1" branch-rate="1" complexity="1">
              <lines>
                <line number="18" hits="20" branch="False" />
              </lines>
            </method>
            <method name="get_Status" signature="()" line-rate="1" branch-rate="1" complexity="1">
              <lines>
                <line number="19" hits="12" branch="False" />
              </lines>
            </method>
            <method name="get_EndsAt" signature="()" line-rate="1" branch-rate="1" complexity="1">
              <lines>
                <line number="21" hits="6" branch="False" />
              </lines>
            </method>
          </methods>
          <lines>
            <line number="12" hits="0" branch="False" />
            <line number="13" hits="24" branch="False" />
            <line number="14" hits="12" branch="False" />
            <line number="15" hits="12" branch="False" />
            <line number="16" hits="12" branch="False" />
            <line number="17" hits="30" branch="False" />
            <line number="18" hits="20" branch="False" />
            <line number="19" hits="12" branch="False" />
            <line number="21" hits="6" branch="False" />
          </lines>
        </class>
      </classes>
    </package>
  </packages>
</coverage>